<?xml version="1.0" encoding="UTF-8"?>
<!-- Generated by org.testng.reporters.JUnitXMLReporter -->
<testsuite hostname="BDC4-D-5SBWQG2" ignored="1" name="first test" tests="4" failures="0" timestamp="17 Sep 2018 09:29:47 GMT" time="17.884" errors="0">
  <testcase name="testCases" time="17.827" classname="com.demoSeleniumPlus.Day1.BasicSelenium"/>
  <testcase name="testCase" time="0.0" classname="com.demoSeleniumPlus.Day1.DataProvider"/>
  <testcase name="testCase" time="0.0" classname="com.demoSeleniumPlus.Day1.DataProvider"/>
  <testcase name="testCase2" time="0.0" classname="com.demoSeleniumPlus.Day1.Annotations"/>
  <testcase name="testCase" time="0.0" classname="com.demoSeleniumPlus.Day1.Annotations">
    <ignored/>
  </testcase> <!-- testCase -->
</testsuite> <!-- first test -->
